2022-06-09 21:39:33 - get_log.py - [line:140] - ERROR - [日志信息]: 断言检查点：预期响应结果 total
2022-06-09 21:39:33 - get_log.py - [line:140] - ERROR - [日志信息]: 断言检查点：实际结果响应结果 {'detail': 'HTTP 401: Unauthorized'}
2022-06-09 21:39:33 - get_log.py - [line:140] - ERROR - [日志信息]: 测试结果：实际结果不包含在预期结果内，测试用例失败
2022-06-09 21:39:34 - get_log.py - [line:140] - ERROR - [日志信息]: 断言检查点：预期响应结果 total
2022-06-09 21:39:34 - get_log.py - [line:140] - ERROR - [日志信息]: 断言检查点：实际结果响应结果 {'detail': 'HTTP 401: Unauthorized'}
2022-06-09 21:39:34 - get_log.py - [line:140] - ERROR - [日志信息]: 测试结果：实际结果不包含在预期结果内，测试用例失败
2022-06-09 21:39:37 - get_log.py - [line:140] - ERROR - [日志信息]: 断言检查点：预期响应结果 wan
2022-06-09 21:39:37 - get_log.py - [line:140] - ERROR - [日志信息]: 断言检查点：实际结果响应结果 {'detail': 'HTTP 401: Unauthorized'}
2022-06-09 21:39:37 - get_log.py - [line:140] - ERROR - [日志信息]: 测试结果：实际结果不包含在预期结果内，测试用例失败
2022-06-09 21:39:39 - get_log.py - [line:140] - ERROR - [日志信息]: 断言检查点：预期响应结果 status
2022-06-09 21:39:39 - get_log.py - [line:140] - ERROR - [日志信息]: 断言检查点：实际结果响应结果 {'detail': 'HTTP 401: Unauthorized'}
2022-06-09 21:39:39 - get_log.py - [line:140] - ERROR - [日志信息]: 测试结果：实际结果不包含在预期结果内，测试用例失败
2022-06-09 21:39:40 - get_log.py - [line:140] - ERROR - [日志信息]: 断言检查点：预期响应结果 state
2022-06-09 21:39:40 - get_log.py - [line:140] - ERROR - [日志信息]: 断言检查点：实际结果响应结果 {'detail': 'HTTP 401: Unauthorized'}
2022-06-09 21:39:40 - get_log.py - [line:140] - ERROR - [日志信息]: 测试结果：实际结果不包含在预期结果内，测试用例失败
2022-06-09 21:39:42 - get_log.py - [line:140] - ERROR - [日志信息]: 断言检查点：预期响应结果 {'code': 100201}
2022-06-09 21:39:42 - get_log.py - [line:140] - ERROR - [日志信息]: 断言检查点：实际结果响应结果 {'detail': 'HTTP 401: Unauthorized'}
2022-06-09 21:39:42 - get_log.py - [line:140] - ERROR - [日志信息]: 测试结果：实际结果不包含在预期结果内，测试用例失败
2022-06-09 21:39:45 - get_log.py - [line:140] - ERROR - [日志信息]: 断言检查点：预期响应结果 total
2022-06-09 21:39:45 - get_log.py - [line:140] - ERROR - [日志信息]: 断言检查点：实际结果响应结果 {'detail': 'HTTP 401: Unauthorized'}
2022-06-09 21:39:45 - get_log.py - [line:140] - ERROR - [日志信息]: 测试结果：实际结果不包含在预期结果内，测试用例失败
