2022-04-26 22:24:55 - get_log.py - [line:133] - INFO - [日志信息]: 没有日志文件，直接写入
2022-04-26 22:24:56 - get_log.py - [line:133] - INFO - [日志信息]: cookie值提取成功
2022-04-26 22:24:59 - get_log.py - [line:133] - INFO - [日志信息]: userid提取成功
2022-04-26 22:25:01 - get_log.py - [line:133] - INFO - [日志信息]: 用户信息模块
2022-04-26 22:25:02 - get_log.py - [line:133] - INFO - [日志信息]: 【开始执行测试用例：测试用例1:上传正确id，正确cookie值,能获取用户信息】
2022-04-26 22:25:02 - get_log.py - [line:133] - INFO - [日志信息]: 请求url：https://noc-test.merckuwifi.com/api/endusers/Hc7sbXAq4PzY5hBznKiK7A
2022-04-26 22:25:02 - get_log.py - [line:133] - INFO - [日志信息]: 请求方法：get
2022-04-26 22:25:02 - get_log.py - [line:133] - INFO - [日志信息]: 请求参数：{'t': '1650983101'}
2022-04-26 22:25:02 - get_log.py - [line:133] - INFO - [日志信息]: 请求cookie值：{'cookie': '_cookie=QSSGA0#NgrpB7iW5bNqFuw3vZRG3p'}
2022-04-26 22:25:02 - get_log.py - [line:133] - INFO - [日志信息]: 响应结果：{'id': 'Hc7sbXAq4PzY5hBznKiK7A', 'name': 'Jay', 'city': '', 'email': '', 'phone': '1-12345678911', 'state': 'active', 'external_id': '', 'description': '', 'sns': ['060052102000091'], 'meshes': []}
2022-04-26 22:25:02 - get_log.py - [line:133] - INFO - [日志信息]: 响应状态码：200
2022-04-26 22:25:02 - get_log.py - [line:133] - INFO - [日志信息]: 断言检查点：预期响应结果 {'id': 'Hc7sbXAq4PzY5hBznKiK7A'}
2022-04-26 22:25:02 - get_log.py - [line:133] - INFO - [日志信息]: 断言检查点：实际结果响应结果 {'id': 'Hc7sbXAq4PzY5hBznKiK7A', 'name': 'Jay', 'city': '', 'email': '', 'phone': '1-12345678911', 'state': 'active', 'external_id': '', 'description': '', 'sns': ['060052102000091'], 'meshes': []}
2022-04-26 22:25:02 - get_log.py - [line:133] - INFO - [日志信息]: 测试结果：预期结果包含在实际结果内，测试用例通过
2022-04-26 22:25:04 - get_log.py - [line:133] - INFO - [日志信息]: 用户信息模块
2022-04-26 22:25:05 - get_log.py - [line:133] - INFO - [日志信息]: 【开始执行测试用例：测试用例2:上传错误id，正确cookie值,不能能获取用户信息】
2022-04-26 22:25:05 - get_log.py - [line:133] - INFO - [日志信息]: 请求url：https://noc-test.merckuwifi.com/api/endusers/ssdsd4545
2022-04-26 22:25:05 - get_log.py - [line:133] - INFO - [日志信息]: 请求方法：get
2022-04-26 22:25:05 - get_log.py - [line:133] - INFO - [日志信息]: 请求参数：{'t': '1650983104'}
2022-04-26 22:25:05 - get_log.py - [line:133] - INFO - [日志信息]: 请求cookie值：{'cookie': '_cookie=QSSGA0#NgrpB7iW5bNqFuw3vZRG3p'}
2022-04-26 22:25:05 - get_log.py - [line:133] - INFO - [日志信息]: 响应结果：{'error': {'code': 300202, 'message': ['Id is invalid']}}
2022-04-26 22:25:05 - get_log.py - [line:133] - INFO - [日志信息]: 响应状态码：400
2022-04-26 22:25:05 - get_log.py - [line:133] - INFO - [日志信息]: 断言检查点：预期响应结果 {'message': ['Id is invalid']}
2022-04-26 22:25:05 - get_log.py - [line:133] - INFO - [日志信息]: 断言检查点：实际结果响应结果 {'error': {'code': 300202, 'message': ['Id is invalid']}}
2022-04-26 22:25:05 - get_log.py - [line:133] - INFO - [日志信息]: 测试结果：预期结果包含在实际结果内，测试用例通过
2022-04-26 22:25:05 - get_log.py - [line:133] - INFO - [日志信息]: 接入设备详情模块
2022-04-26 22:25:07 - get_log.py - [line:133] - INFO - [日志信息]: 【开始执行测试用例：测试用例1:上传正确设备sn号，正确cookie值,能获取接入设备信息】
2022-04-26 22:25:07 - get_log.py - [line:133] - INFO - [日志信息]: 请求url：https://noc-test.merckuwifi.com/api/meshes/080052203000111/nodes
2022-04-26 22:25:07 - get_log.py - [line:133] - INFO - [日志信息]: 请求方法：get
2022-04-26 22:25:07 - get_log.py - [line:133] - INFO - [日志信息]: 请求参数：{'t': '1650983105'}
2022-04-26 22:25:07 - get_log.py - [line:133] - INFO - [日志信息]: 请求cookie值：{'cookie': '_cookie=QSSGA0#NgrpB7iW5bNqFuw3vZRG3p'}
2022-04-26 22:25:07 - get_log.py - [line:133] - INFO - [日志信息]: 响应结果：[{'sn': '080052203000111', 'is_gw': True, 'neighbors': [], 'stations': [{'online_info': {'current_connected': True, 'realtime_speed': {'up': 0, 'down': 0}, 'traffic': {'ul': 830656, 'dl': 114172}, 'band': '2.4g', 'ssid': 'VictorRodrigues56', 'negotiation_rate': 26000000, 'rssi': -67, 'online_duration': 106405, 'channel': 11}, 'connected_network': None, 'mac': '381a521f85fb', 'name': 'EPSON1F85FB', 'ip': '192.168.127.145'}, {'online_info': {'current_connected': True, 'realtime_speed': {'up': 5496, 'down': 5408}, 'traffic': {'ul': 611566, 'dl': 348335}, 'band': '2.4g', 'ssid': 'VictorRodrigues56', 'negotiation_rate': 13000000, 'rssi': -60, 'online_duration': 2021, 'channel': 11}, 'connected_network': None, 'mac': '14aedb037904', 'name': 'VTECH_990_7904', 'ip': '192.168.127.133'}, {'online_info': {'current_connected': True, 'realtime_speed': {'up': 352, 'down': 44872}, 'traffic': {'ul': 286655544, 'dl': 12974930929}, 'band': '5g', 'ssid': 'VictorRodrigues56', 'negotiation_rate': 866000000, 'rssi': -44, 'online_duration': 75828, 'channel': 40}, 'connected_network': None, 'mac': '2cd26bd381a9', 'name': 'android-c44878ff48ad2abf', 'ip': '192.168.127.158'}, {'online_info': {'current_connected': True, 'realtime_speed': {'up': 0, 'down': 0}, 'traffic': {'ul': 13345011, 'dl': 430516496}, 'band': '5g', 'ssid': 'VictorRodrigues56', 'negotiation_rate': 390000000, 'rssi': -71, 'online_duration': 133162, 'channel': 40}, 'connected_network': None, 'mac': 'ac5d5c5f9600', 'name': 'FN-LINK-AC5D5C5F9600', 'ip': '192.168.127.168'}, {'online_info': {'current_connected': True, 'realtime_speed': {'up': 8, 'down': 0}, 'traffic': {'ul': 985935, 'dl': 22095900}, 'band': '5g', 'ssid': 'VictorRodrigues56', 'negotiation_rate': 150000000, 'rssi': -45, 'online_duration': 9496, 'channel': 40}, 'connected_network': None, 'mac': '20a1711de335', 'name': 'Amazon-20A1711DE335', 'ip': '192.168.127.144'}, {'online_info': {'current_connected': True, 'realtime_speed': {'up': 168, 'down': 168}, 'traffic': {'ul': 229053015, 'dl': 18179255381}, 'band': '5g', 'ssid': 'VictorRodrigues56', 'negotiation_rate': 866000000, 'rssi': -45, 'online_duration': 228754, 'channel': 40}, 'connected_network': None, 'mac': '90dd5da1fbe2', 'name': 'Living-Room', 'ip': '192.168.127.172'}], 'ip': '192.168.127.1', 'offline_time': None, 'city_id': '6075357', 'memory': {'used': 97756000, 'total': 246456000}, 'mac': {'lan': 'f8272e0c4bc6', 'wan': 'f8272e0c4bc7', '2.4G': 'f8272e0c4bc8', '5G': 'f8272e0c4bcc', 'guest-5G': '663832373265', 'guest-2.4G': '663832373265'}, 'wan': {'ip': '38.69.162.38', 'mask': '255.255.255.224', 'gateway': '38.69.162.33', 'dns': ['168.245.130.16', '168.245.130.17']}, 'uptime': 232621, 'mesh_id': '080052203000111', 'version': '1.2.0', 'cpu': 3.0, 'lan': {'ip': '192.168.127.1', 'mask': '255.255.255.0', 'gateway': '0.0.0.0', 'dns': ['0.0.0.0', '0.0.0.0', '0.0.0.0', '0.0.0.0', '0.0.0.0', '0.0.0.0']}, 'name': 'M6a-0111', 'status': 'online', 'channel': {'5g': 40, '2.4g': 11, 'mesh': 40}, 'model': {'id': '08', 'name': 'M6a', 'description': 'M6a Wi-Fi Router', 'version': {'id': '0', 'name': 'M8R0'}}, 'lastest_version': '1.2.1'}]
2022-04-26 22:25:07 - get_log.py - [line:133] - INFO - [日志信息]: 响应状态码：200
2022-04-26 22:25:07 - get_log.py - [line:133] - INFO - [日志信息]: 断言检查点：预期响应结果 {'sn': '080052203000111'}
2022-04-26 22:25:07 - get_log.py - [line:133] - INFO - [日志信息]: 断言检查点：实际结果响应结果 [{'sn': '080052203000111', 'is_gw': True, 'neighbors': [], 'stations': [{'online_info': {'current_connected': True, 'realtime_speed': {'up': 0, 'down': 0}, 'traffic': {'ul': 830656, 'dl': 114172}, 'band': '2.4g', 'ssid': 'VictorRodrigues56', 'negotiation_rate': 26000000, 'rssi': -67, 'online_duration': 106405, 'channel': 11}, 'connected_network': None, 'mac': '381a521f85fb', 'name': 'EPSON1F85FB', 'ip': '192.168.127.145'}, {'online_info': {'current_connected': True, 'realtime_speed': {'up': 5496, 'down': 5408}, 'traffic': {'ul': 611566, 'dl': 348335}, 'band': '2.4g', 'ssid': 'VictorRodrigues56', 'negotiation_rate': 13000000, 'rssi': -60, 'online_duration': 2021, 'channel': 11}, 'connected_network': None, 'mac': '14aedb037904', 'name': 'VTECH_990_7904', 'ip': '192.168.127.133'}, {'online_info': {'current_connected': True, 'realtime_speed': {'up': 352, 'down': 44872}, 'traffic': {'ul': 286655544, 'dl': 12974930929}, 'band': '5g', 'ssid': 'VictorRodrigues56', 'negotiation_rate': 866000000, 'rssi': -44, 'online_duration': 75828, 'channel': 40}, 'connected_network': None, 'mac': '2cd26bd381a9', 'name': 'android-c44878ff48ad2abf', 'ip': '192.168.127.158'}, {'online_info': {'current_connected': True, 'realtime_speed': {'up': 0, 'down': 0}, 'traffic': {'ul': 13345011, 'dl': 430516496}, 'band': '5g', 'ssid': 'VictorRodrigues56', 'negotiation_rate': 390000000, 'rssi': -71, 'online_duration': 133162, 'channel': 40}, 'connected_network': None, 'mac': 'ac5d5c5f9600', 'name': 'FN-LINK-AC5D5C5F9600', 'ip': '192.168.127.168'}, {'online_info': {'current_connected': True, 'realtime_speed': {'up': 8, 'down': 0}, 'traffic': {'ul': 985935, 'dl': 22095900}, 'band': '5g', 'ssid': 'VictorRodrigues56', 'negotiation_rate': 150000000, 'rssi': -45, 'online_duration': 9496, 'channel': 40}, 'connected_network': None, 'mac': '20a1711de335', 'name': 'Amazon-20A1711DE335', 'ip': '192.168.127.144'}, {'online_info': {'current_connected': True, 'realtime_speed': {'up': 168, 'down': 168}, 'traffic': {'ul': 229053015, 'dl': 18179255381}, 'band': '5g', 'ssid': 'VictorRodrigues56', 'negotiation_rate': 866000000, 'rssi': -45, 'online_duration': 228754, 'channel': 40}, 'connected_network': None, 'mac': '90dd5da1fbe2', 'name': 'Living-Room', 'ip': '192.168.127.172'}], 'ip': '192.168.127.1', 'offline_time': None, 'city_id': '6075357', 'memory': {'used': 97756000, 'total': 246456000}, 'mac': {'lan': 'f8272e0c4bc6', 'wan': 'f8272e0c4bc7', '2.4G': 'f8272e0c4bc8', '5G': 'f8272e0c4bcc', 'guest-5G': '663832373265', 'guest-2.4G': '663832373265'}, 'wan': {'ip': '38.69.162.38', 'mask': '255.255.255.224', 'gateway': '38.69.162.33', 'dns': ['168.245.130.16', '168.245.130.17']}, 'uptime': 232621, 'mesh_id': '080052203000111', 'version': '1.2.0', 'cpu': 3.0, 'lan': {'ip': '192.168.127.1', 'mask': '255.255.255.0', 'gateway': '0.0.0.0', 'dns': ['0.0.0.0', '0.0.0.0', '0.0.0.0', '0.0.0.0', '0.0.0.0', '0.0.0.0']}, 'name': 'M6a-0111', 'status': 'online', 'channel': {'5g': 40, '2.4g': 11, 'mesh': 40}, 'model': {'id': '08', 'name': 'M6a', 'description': 'M6a Wi-Fi Router', 'version': {'id': '0', 'name': 'M8R0'}}, 'lastest_version': '1.2.1'}]
2022-04-26 22:25:07 - get_log.py - [line:133] - INFO - [日志信息]: 测试结果：预期结果包含在实际结果内，测试用例通过
2022-04-26 22:25:07 - get_log.py - [line:133] - INFO - [日志信息]: 接入设备详情模块
2022-04-26 22:25:10 - get_log.py - [line:133] - INFO - [日志信息]: 【开始执行测试用例：测试用例2:不传设备sn号，正确cookie值,不能获取接入设备信息】
2022-04-26 22:25:10 - get_log.py - [line:133] - INFO - [日志信息]: 请求url：https://noc-test.merckuwifi.com/api/meshes/nodes
2022-04-26 22:25:10 - get_log.py - [line:133] - INFO - [日志信息]: 请求方法：get
2022-04-26 22:25:10 - get_log.py - [line:133] - INFO - [日志信息]: 请求参数：{'t': '1650983107'}
2022-04-26 22:25:10 - get_log.py - [line:133] - INFO - [日志信息]: 请求cookie值：{'cookie': '_cookie=QSSGA0#NgrpB7iW5bNqFuw3vZRG3p'}
2022-04-26 22:25:10 - get_log.py - [line:133] - INFO - [日志信息]: 响应结果：{'error': {'code': 300218, 'message': ['Mesh id invalid']}}
2022-04-26 22:25:10 - get_log.py - [line:133] - INFO - [日志信息]: 响应状态码：400
2022-04-26 22:25:10 - get_log.py - [line:133] - INFO - [日志信息]: 断言检查点：预期响应结果 {'message': ['Mesh id invalid']}
2022-04-26 22:25:10 - get_log.py - [line:133] - INFO - [日志信息]: 断言检查点：实际结果响应结果 {'error': {'code': 300218, 'message': ['Mesh id invalid']}}
2022-04-26 22:25:10 - get_log.py - [line:133] - INFO - [日志信息]: 测试结果：预期结果包含在实际结果内，测试用例通过
2022-04-26 22:25:10 - get_log.py - [line:133] - INFO - [日志信息]: 接入设备详情模块
2022-04-26 22:25:11 - get_log.py - [line:133] - INFO - [日志信息]: 【开始执行测试用例：测试用例3:上传正确设备sn号，错误cookie值,不能获取接入设备信息】
2022-04-26 22:25:11 - get_log.py - [line:133] - INFO - [日志信息]: 请求url：https://noc-test.merckuwifi.com/api/meshes/080052203000111/nodes
2022-04-26 22:25:11 - get_log.py - [line:133] - INFO - [日志信息]: 请求方法：get
2022-04-26 22:25:11 - get_log.py - [line:133] - INFO - [日志信息]: 请求参数：{'t': '1650983110'}
2022-04-26 22:25:11 - get_log.py - [line:133] - INFO - [日志信息]: 请求cookie值：{'cookie': '_cookie=dfsdfds44454'}
2022-04-26 22:25:11 - get_log.py - [line:133] - INFO - [日志信息]: 响应结果：{'detail': 'HTTP 401: Unauthorized'}
2022-04-26 22:25:11 - get_log.py - [line:133] - INFO - [日志信息]: 响应状态码：401
2022-04-26 22:25:11 - get_log.py - [line:133] - INFO - [日志信息]: 断言检查点：预期响应结果 Unauthorized
2022-04-26 22:25:11 - get_log.py - [line:133] - INFO - [日志信息]: 断言检查点：实际结果响应结果 {'detail': 'HTTP 401: Unauthorized'}
2022-04-26 22:25:11 - get_log.py - [line:133] - INFO - [日志信息]: 测试结果：预期结果包含在实际结果内，测试用例通过
2022-04-26 22:25:11 - get_log.py - [line:133] - INFO - [日志信息]: 登录模块
2022-04-26 22:25:12 - get_log.py - [line:133] - INFO - [日志信息]: 【开始执行测试用例：测试用例1：使用正确的用户名和密码能登录成功】
2022-04-26 22:25:12 - get_log.py - [line:133] - INFO - [日志信息]: 请求url：https://noc-test.merckuwifi.com/api/users/actions/login
2022-04-26 22:25:12 - get_log.py - [line:133] - INFO - [日志信息]: 请求方法：post
2022-04-26 22:25:12 - get_log.py - [line:133] - INFO - [日志信息]: 请求参数：{'username': 'yuchao', 'password': 12345678}
2022-04-26 22:25:12 - get_log.py - [line:133] - INFO - [日志信息]: 请求cookie值：None
2022-04-26 22:25:12 - get_log.py - [line:133] - INFO - [日志信息]: 响应结果：{'id': 'NgrpB7iW5bNqFuw3vZRG3p', 'username': 'yuchao', 'role': {'id': 'eq6bDnMTZmyPPQ6hsawghX', 'name': 'root', 'created_time': 1614051457000, 'permissions': ['alert.edit', 'alert.read', 'alert_report.edit', 'alert_report.read', 'alert_rule.edit', 'alert_rule.read', 'batch.mesh.upgrade', 'enduser.add', 'enduser.delete', 'enduser.edit', 'enduser.export', 'enduser.import', 'enduser.read', 'enduser.state.edit', 'mesh.batch', 'mesh.delete', 'mesh.detail.read', 'mesh.read', 'mesh.state.edit', 'mesh.task.add', 'role.add', 'role.delete', 'role.edit', 'role.read', 'syslog.read', 'user.add', 'user.delete', 'user.edit', 'user.freeze', 'user.read', 'user.unfreeze']}, 'freezed': False, 'created_time': 1627869194000, 'settings': {'timezone_offset': '-04:00'}}
2022-04-26 22:25:12 - get_log.py - [line:133] - INFO - [日志信息]: 响应状态码：200
2022-04-26 22:25:12 - get_log.py - [line:133] - INFO - [日志信息]: 断言检查点：预期响应结果 {'id': 'eq6bDnMTZmyPPQ6hsawghX'}
2022-04-26 22:25:12 - get_log.py - [line:133] - INFO - [日志信息]: 断言检查点：实际结果响应结果 {'id': 'NgrpB7iW5bNqFuw3vZRG3p', 'username': 'yuchao', 'role': {'id': 'eq6bDnMTZmyPPQ6hsawghX', 'name': 'root', 'created_time': 1614051457000, 'permissions': ['alert.edit', 'alert.read', 'alert_report.edit', 'alert_report.read', 'alert_rule.edit', 'alert_rule.read', 'batch.mesh.upgrade', 'enduser.add', 'enduser.delete', 'enduser.edit', 'enduser.export', 'enduser.import', 'enduser.read', 'enduser.state.edit', 'mesh.batch', 'mesh.delete', 'mesh.detail.read', 'mesh.read', 'mesh.state.edit', 'mesh.task.add', 'role.add', 'role.delete', 'role.edit', 'role.read', 'syslog.read', 'user.add', 'user.delete', 'user.edit', 'user.freeze', 'user.read', 'user.unfreeze']}, 'freezed': False, 'created_time': 1627869194000, 'settings': {'timezone_offset': '-04:00'}}
2022-04-26 22:25:12 - get_log.py - [line:133] - INFO - [日志信息]: 测试结果：预期结果包含在实际结果内，测试用例通过
2022-04-26 22:25:12 - get_log.py - [line:133] - INFO - [日志信息]: 登录模块
2022-04-26 22:25:14 - get_log.py - [line:133] - INFO - [日志信息]: 【开始执行测试用例：测试用例2：使用错误的用户名不能登录成功】
2022-04-26 22:25:14 - get_log.py - [line:133] - INFO - [日志信息]: 请求url：https://noc-test.merckuwifi.com/api/users/actions/login
2022-04-26 22:25:14 - get_log.py - [line:133] - INFO - [日志信息]: 请求方法：post
2022-04-26 22:25:14 - get_log.py - [line:133] - INFO - [日志信息]: 请求参数：{'username': 'yudsadc', 'password': 12345678}
2022-04-26 22:25:14 - get_log.py - [line:133] - INFO - [日志信息]: 请求cookie值：None
2022-04-26 22:25:14 - get_log.py - [line:133] - INFO - [日志信息]: 响应结果：{'error': {'code': 200101, 'message': ['Incorrect username or password']}}
2022-04-26 22:25:14 - get_log.py - [line:133] - INFO - [日志信息]: 响应状态码：400
2022-04-26 22:25:14 - get_log.py - [line:133] - INFO - [日志信息]: 断言检查点：预期响应结果 {'message': ['Incorrect username or password']}
2022-04-26 22:25:14 - get_log.py - [line:133] - INFO - [日志信息]: 断言检查点：实际结果响应结果 {'error': {'code': 200101, 'message': ['Incorrect username or password']}}
2022-04-26 22:25:14 - get_log.py - [line:133] - INFO - [日志信息]: 测试结果：预期结果包含在实际结果内，测试用例通过
2022-04-26 22:25:14 - get_log.py - [line:133] - INFO - [日志信息]: 登录模块
2022-04-26 22:25:14 - get_log.py - [line:133] - INFO - [日志信息]: 【开始执行测试用例：测试用例3：使用错误的密码不能登录成功】
2022-04-26 22:25:14 - get_log.py - [line:133] - INFO - [日志信息]: 请求url：https://noc-test.merckuwifi.com/api/users/actions/login
2022-04-26 22:25:14 - get_log.py - [line:133] - INFO - [日志信息]: 请求方法：post
2022-04-26 22:25:14 - get_log.py - [line:133] - INFO - [日志信息]: 请求参数：{'username': 'yuchao', 'password': 12345678922}
2022-04-26 22:25:14 - get_log.py - [line:133] - INFO - [日志信息]: 请求cookie值：None
2022-04-26 22:25:14 - get_log.py - [line:133] - INFO - [日志信息]: 响应结果：{'error': {'code': 200101, 'message': ['Incorrect username or password']}}
2022-04-26 22:25:14 - get_log.py - [line:133] - INFO - [日志信息]: 响应状态码：400
2022-04-26 22:25:14 - get_log.py - [line:133] - INFO - [日志信息]: 断言检查点：预期响应结果 {'message': ['Incorrect username or password']}
2022-04-26 22:25:14 - get_log.py - [line:133] - INFO - [日志信息]: 断言检查点：实际结果响应结果 {'error': {'code': 200101, 'message': ['Incorrect username or password']}}
2022-04-26 22:25:14 - get_log.py - [line:133] - INFO - [日志信息]: 测试结果：预期结果包含在实际结果内，测试用例通过
2022-04-26 22:25:14 - get_log.py - [line:133] - INFO - [日志信息]: 登录模块
2022-04-26 22:25:15 - get_log.py - [line:133] - INFO - [日志信息]: 【开始执行测试用例：测试用例4：不填写用户名和密码不能登录成功】
2022-04-26 22:25:15 - get_log.py - [line:133] - INFO - [日志信息]: 请求url：https://noc-test.merckuwifi.com/api/users/actions/login
2022-04-26 22:25:15 - get_log.py - [line:133] - INFO - [日志信息]: 请求方法：post
2022-04-26 22:25:15 - get_log.py - [line:133] - INFO - [日志信息]: 请求参数：{'username': None, 'password': None}
2022-04-26 22:25:15 - get_log.py - [line:133] - INFO - [日志信息]: 请求cookie值：None
2022-04-26 22:25:15 - get_log.py - [line:133] - INFO - [日志信息]: 响应结果：{'error': {'code': 100201, 'message': ["'username' is a required property"]}}
2022-04-26 22:25:15 - get_log.py - [line:133] - INFO - [日志信息]: 响应状态码：400
2022-04-26 22:25:15 - get_log.py - [line:133] - INFO - [日志信息]: 断言检查点：预期响应结果 {'message': ["'username' is a required property"]}
2022-04-26 22:25:15 - get_log.py - [line:133] - INFO - [日志信息]: 断言检查点：实际结果响应结果 {'error': {'code': 100201, 'message': ["'username' is a required property"]}}
2022-04-26 22:25:15 - get_log.py - [line:133] - INFO - [日志信息]: 测试结果：预期结果包含在实际结果内，测试用例通过
2022-04-26 22:25:15 - get_log.py - [line:133] - INFO - [日志信息]: 设备数量统计模块
2022-04-26 22:25:16 - get_log.py - [line:133] - INFO - [日志信息]: 【开始执行测试用例：测试用例1：传入实时时间，正确cookie值，能获取设备总数量】
2022-04-26 22:25:16 - get_log.py - [line:133] - INFO - [日志信息]: 请求url：https://noc-test.merckuwifi.com/api/statistics/routers/count
2022-04-26 22:25:16 - get_log.py - [line:133] - INFO - [日志信息]: 请求方法：get
2022-04-26 22:25:16 - get_log.py - [line:133] - INFO - [日志信息]: 请求参数：{'t': '1650983115'}
2022-04-26 22:25:16 - get_log.py - [line:133] - INFO - [日志信息]: 请求cookie值：{'cookie': '_cookie=QSSGA0#NgrpB7iW5bNqFuw3vZRG3p'}
2022-04-26 22:25:16 - get_log.py - [line:133] - INFO - [日志信息]: 响应结果：{'detail': 'HTTP 401: Unauthorized'}
2022-04-26 22:25:16 - get_log.py - [line:133] - INFO - [日志信息]: 响应状态码：401
2022-04-26 22:25:16 - get_log.py - [line:140] - ERROR - [日志信息]: 断言检查点：预期响应结果 total
2022-04-26 22:25:16 - get_log.py - [line:140] - ERROR - [日志信息]: 断言检查点：实际结果响应结果 {'detail': 'HTTP 401: Unauthorized'}
2022-04-26 22:25:16 - get_log.py - [line:140] - ERROR - [日志信息]: 测试结果：实际结果不包含在预期结果内，测试用例失败
2022-04-26 22:25:16 - get_log.py - [line:133] - INFO - [日志信息]: 设备数量统计模块
2022-04-26 22:25:17 - get_log.py - [line:133] - INFO - [日志信息]: 【开始执行测试用例：测试用例2：传入任意时间，正确cookie值能，获取设备总数量】
2022-04-26 22:25:17 - get_log.py - [line:133] - INFO - [日志信息]: 请求url：https://noc-test.merckuwifi.com/api/statistics/routers/count
2022-04-26 22:25:17 - get_log.py - [line:133] - INFO - [日志信息]: 请求方法：get
2022-04-26 22:25:17 - get_log.py - [line:133] - INFO - [日志信息]: 请求参数：{'t': 165454}
2022-04-26 22:25:17 - get_log.py - [line:133] - INFO - [日志信息]: 请求cookie值：{'cookie': '_cookie=QSSGA0#NgrpB7iW5bNqFuw3vZRG3p'}
2022-04-26 22:25:17 - get_log.py - [line:133] - INFO - [日志信息]: 响应结果：{'detail': 'HTTP 401: Unauthorized'}
2022-04-26 22:25:17 - get_log.py - [line:133] - INFO - [日志信息]: 响应状态码：401
2022-04-26 22:25:17 - get_log.py - [line:140] - ERROR - [日志信息]: 断言检查点：预期响应结果 total
2022-04-26 22:25:17 - get_log.py - [line:140] - ERROR - [日志信息]: 断言检查点：实际结果响应结果 {'detail': 'HTTP 401: Unauthorized'}
2022-04-26 22:25:17 - get_log.py - [line:140] - ERROR - [日志信息]: 测试结果：实际结果不包含在预期结果内，测试用例失败
2022-04-26 22:25:17 - get_log.py - [line:133] - INFO - [日志信息]: 设备数量统计模块
2022-04-26 22:25:20 - get_log.py - [line:133] - INFO - [日志信息]: 【开始执行测试用例：测试用例3：传入正确时间，错误cookie值，不能获取设备总数量】
2022-04-26 22:25:20 - get_log.py - [line:133] - INFO - [日志信息]: 请求url：https://noc-test.merckuwifi.com/api/statistics/routers/count
2022-04-26 22:25:20 - get_log.py - [line:133] - INFO - [日志信息]: 请求方法：get
2022-04-26 22:25:20 - get_log.py - [line:133] - INFO - [日志信息]: 请求参数：{'t': '1650983117'}
2022-04-26 22:25:20 - get_log.py - [line:133] - INFO - [日志信息]: 请求cookie值：{'cookie': '_cookie=sdfsf454'}
2022-04-26 22:25:20 - get_log.py - [line:133] - INFO - [日志信息]: 响应结果：{'detail': 'HTTP 401: Unauthorized'}
2022-04-26 22:25:20 - get_log.py - [line:133] - INFO - [日志信息]: 响应状态码：401
2022-04-26 22:25:20 - get_log.py - [line:133] - INFO - [日志信息]: 断言检查点：预期响应结果 HTTP 401: Unauthorized
2022-04-26 22:25:20 - get_log.py - [line:133] - INFO - [日志信息]: 断言检查点：实际结果响应结果 {'detail': 'HTTP 401: Unauthorized'}
2022-04-26 22:25:20 - get_log.py - [line:133] - INFO - [日志信息]: 测试结果：预期结果包含在实际结果内，测试用例通过
2022-04-26 22:25:20 - get_log.py - [line:133] - INFO - [日志信息]: 查询设备详细信息模块
2022-04-26 22:25:21 - get_log.py - [line:133] - INFO - [日志信息]: 【开始执行测试用例：测试用例1：传入实时时间，设备sn号，正确cookie值,正确的参数值mode,wifi,wan,enduser,status,state 能获取设备总数量】
2022-04-26 22:25:21 - get_log.py - [line:133] - INFO - [日志信息]: 请求url：https://noc-test.merckuwifi.com/api/meshes/080052203000120?fields=mode,wifi,wan,enduser,status,state
2022-04-26 22:25:21 - get_log.py - [line:133] - INFO - [日志信息]: 请求方法：get
2022-04-26 22:25:21 - get_log.py - [line:133] - INFO - [日志信息]: 请求参数：{'t': '1650983120'}
2022-04-26 22:25:21 - get_log.py - [line:133] - INFO - [日志信息]: 请求cookie值：{'cookie': '_cookie=QSSGA0#NgrpB7iW5bNqFuw3vZRG3p'}
2022-04-26 22:25:21 - get_log.py - [line:133] - INFO - [日志信息]: 响应结果：{'detail': 'HTTP 401: Unauthorized'}
2022-04-26 22:25:21 - get_log.py - [line:133] - INFO - [日志信息]: 响应状态码：401
2022-04-26 22:25:21 - get_log.py - [line:140] - ERROR - [日志信息]: 断言检查点：预期响应结果 wan
2022-04-26 22:25:21 - get_log.py - [line:140] - ERROR - [日志信息]: 断言检查点：实际结果响应结果 {'detail': 'HTTP 401: Unauthorized'}
2022-04-26 22:25:21 - get_log.py - [line:140] - ERROR - [日志信息]: 测试结果：实际结果不包含在预期结果内，测试用例失败
2022-04-26 22:25:21 - get_log.py - [line:133] - INFO - [日志信息]: 查询设备详细信息模块
2022-04-26 22:25:22 - get_log.py - [line:133] - INFO - [日志信息]: 【开始执行测试用例：测试用例2：传入实时时间，设备sn号，错误cookie值,正确的参数值mode,wifi,wan,enduser,status,state 不能获取设备总数量】
2022-04-26 22:25:22 - get_log.py - [line:133] - INFO - [日志信息]: 请求url：https://noc-test.merckuwifi.com/api/meshes/080052203000083?fields=mode,wifi,wan,enduser,status,state
2022-04-26 22:25:22 - get_log.py - [line:133] - INFO - [日志信息]: 请求方法：get
2022-04-26 22:25:22 - get_log.py - [line:133] - INFO - [日志信息]: 请求参数：{'t': '1650983121'}
2022-04-26 22:25:22 - get_log.py - [line:133] - INFO - [日志信息]: 请求cookie值：{'cookie': '_cookie=dfsd5656fsd5634'}
2022-04-26 22:25:22 - get_log.py - [line:133] - INFO - [日志信息]: 响应结果：{'detail': 'HTTP 401: Unauthorized'}
2022-04-26 22:25:22 - get_log.py - [line:133] - INFO - [日志信息]: 响应状态码：401
2022-04-26 22:25:22 - get_log.py - [line:133] - INFO - [日志信息]: 断言检查点：预期响应结果 HTTP 401
2022-04-26 22:25:22 - get_log.py - [line:133] - INFO - [日志信息]: 断言检查点：实际结果响应结果 {'detail': 'HTTP 401: Unauthorized'}
2022-04-26 22:25:22 - get_log.py - [line:133] - INFO - [日志信息]: 测试结果：预期结果包含在实际结果内，测试用例通过
2022-04-26 22:25:22 - get_log.py - [line:133] - INFO - [日志信息]: 查询设备详细信息模块
2022-04-26 22:25:23 - get_log.py - [line:133] - INFO - [日志信息]: 【开始执行测试用例：测试用例3：传入实时时间，设备sn号，正确cookie值,不传参数值state,不能获取设备总数量】
2022-04-26 22:25:23 - get_log.py - [line:133] - INFO - [日志信息]: 请求url：https://noc-test.merckuwifi.com/api/meshes/080052203000111?fields=mode,wifi,wan,enduser,status
2022-04-26 22:25:23 - get_log.py - [line:133] - INFO - [日志信息]: 请求方法：get
2022-04-26 22:25:23 - get_log.py - [line:133] - INFO - [日志信息]: 请求参数：{'t': '1650983122'}
2022-04-26 22:25:23 - get_log.py - [line:133] - INFO - [日志信息]: 请求cookie值：{'cookie': '_cookie=QSSGA0#NgrpB7iW5bNqFuw3vZRG3p'}
2022-04-26 22:25:23 - get_log.py - [line:133] - INFO - [日志信息]: 响应结果：{'detail': 'HTTP 401: Unauthorized'}
2022-04-26 22:25:23 - get_log.py - [line:133] - INFO - [日志信息]: 响应状态码：401
2022-04-26 22:25:23 - get_log.py - [line:140] - ERROR - [日志信息]: 断言检查点：预期响应结果 status
2022-04-26 22:25:23 - get_log.py - [line:140] - ERROR - [日志信息]: 断言检查点：实际结果响应结果 {'detail': 'HTTP 401: Unauthorized'}
2022-04-26 22:25:23 - get_log.py - [line:140] - ERROR - [日志信息]: 测试结果：实际结果不包含在预期结果内，测试用例失败
2022-04-26 22:25:23 - get_log.py - [line:133] - INFO - [日志信息]: 查询设备详细信息模块
2022-04-26 22:25:25 - get_log.py - [line:133] - INFO - [日志信息]: 【开始执行测试用例：测试用例4：传入设备sn号，正确的cookie，不传参数status 不能获取设备总数量】
2022-04-26 22:25:25 - get_log.py - [line:133] - INFO - [日志信息]: 请求url：https://noc-test.merckuwifi.com/api/meshes/080052203000111?fields=mode,wifi,wan,enduser,state
2022-04-26 22:25:25 - get_log.py - [line:133] - INFO - [日志信息]: 请求方法：get
2022-04-26 22:25:25 - get_log.py - [line:133] - INFO - [日志信息]: 请求参数：{'t': '1650983123'}
2022-04-26 22:25:25 - get_log.py - [line:133] - INFO - [日志信息]: 请求cookie值：{'cookie': '_cookie=QSSGA0#NgrpB7iW5bNqFuw3vZRG3p'}
2022-04-26 22:25:25 - get_log.py - [line:133] - INFO - [日志信息]: 响应结果：{'detail': 'HTTP 401: Unauthorized'}
2022-04-26 22:25:25 - get_log.py - [line:133] - INFO - [日志信息]: 响应状态码：401
2022-04-26 22:25:25 - get_log.py - [line:140] - ERROR - [日志信息]: 断言检查点：预期响应结果 state
2022-04-26 22:25:25 - get_log.py - [line:140] - ERROR - [日志信息]: 断言检查点：实际结果响应结果 {'detail': 'HTTP 401: Unauthorized'}
2022-04-26 22:25:25 - get_log.py - [line:140] - ERROR - [日志信息]: 测试结果：实际结果不包含在预期结果内，测试用例失败
2022-04-26 22:25:25 - get_log.py - [line:133] - INFO - [日志信息]: 查询设备详细信息模块
2022-04-26 22:25:26 - get_log.py - [line:133] - INFO - [日志信息]: 【开始执行测试用例：测试用例5：不传入设备sn号，正确的参数值mode,wifi,wan,enduser,status,state 不能获取设备总数量】
2022-04-26 22:25:26 - get_log.py - [line:133] - INFO - [日志信息]: 请求url：https://noc-test.merckuwifi.com/api/meshes?fields=mode,wifi,wan,enduser,status,state
2022-04-26 22:25:26 - get_log.py - [line:133] - INFO - [日志信息]: 请求方法：get
2022-04-26 22:25:26 - get_log.py - [line:133] - INFO - [日志信息]: 请求参数：{'t': '1650983125'}
2022-04-26 22:25:26 - get_log.py - [line:133] - INFO - [日志信息]: 请求cookie值：{'cookie': '_cookie=QSSGA0#NgrpB7iW5bNqFuw3vZRG3p'}
2022-04-26 22:25:26 - get_log.py - [line:133] - INFO - [日志信息]: 响应结果：{'detail': 'HTTP 401: Unauthorized'}
2022-04-26 22:25:26 - get_log.py - [line:133] - INFO - [日志信息]: 响应状态码：401
2022-04-26 22:25:26 - get_log.py - [line:140] - ERROR - [日志信息]: 断言检查点：预期响应结果 {'code': 100201}
2022-04-26 22:25:26 - get_log.py - [line:140] - ERROR - [日志信息]: 断言检查点：实际结果响应结果 {'detail': 'HTTP 401: Unauthorized'}
2022-04-26 22:25:26 - get_log.py - [line:140] - ERROR - [日志信息]: 测试结果：实际结果不包含在预期结果内，测试用例失败
2022-04-26 22:25:28 - get_log.py - [line:133] - INFO - [日志信息]: 用户信息模块
2022-04-26 22:25:29 - get_log.py - [line:133] - INFO - [日志信息]: 【开始执行测试用例：测试用例1:上传正确参数值，正确cookie值,能获取所有用户信息】
2022-04-26 22:25:29 - get_log.py - [line:133] - INFO - [日志信息]: 请求url：https://noc-test.merckuwifi.com/api/endusers
2022-04-26 22:25:29 - get_log.py - [line:133] - INFO - [日志信息]: 请求方法：get
2022-04-26 22:25:29 - get_log.py - [line:133] - INFO - [日志信息]: 请求参数：{'offset': None, 'count': None, 't': '1650983128'}
2022-04-26 22:25:29 - get_log.py - [line:133] - INFO - [日志信息]: 请求cookie值：{'cookie': '_cookie=QSSGA0#NgrpB7iW5bNqFuw3vZRG3p'}
2022-04-26 22:25:29 - get_log.py - [line:133] - INFO - [日志信息]: 响应结果：{'detail': 'HTTP 401: Unauthorized'}
2022-04-26 22:25:29 - get_log.py - [line:133] - INFO - [日志信息]: 响应状态码：401
2022-04-26 22:25:29 - get_log.py - [line:140] - ERROR - [日志信息]: 断言检查点：预期响应结果 total
2022-04-26 22:25:29 - get_log.py - [line:140] - ERROR - [日志信息]: 断言检查点：实际结果响应结果 {'detail': 'HTTP 401: Unauthorized'}
2022-04-26 22:25:29 - get_log.py - [line:140] - ERROR - [日志信息]: 测试结果：实际结果不包含在预期结果内，测试用例失败
2022-04-26 22:25:31 - get_log.py - [line:133] - INFO - [日志信息]: 用户信息模块
2022-04-26 22:25:33 - get_log.py - [line:133] - INFO - [日志信息]: 【开始执行测试用例：测试用例2:上传正确参数值，错误cookie值,不能能获取所有用户信息】
2022-04-26 22:25:33 - get_log.py - [line:133] - INFO - [日志信息]: 请求url：https://noc-test.merckuwifi.com/api/endusers
2022-04-26 22:25:33 - get_log.py - [line:133] - INFO - [日志信息]: 请求方法：get
2022-04-26 22:25:33 - get_log.py - [line:133] - INFO - [日志信息]: 请求参数：{'offset': 0, 'count': 10, 't': '1650983131'}
2022-04-26 22:25:33 - get_log.py - [line:133] - INFO - [日志信息]: 请求cookie值：{'cookie': '_cookie=dfsdfsd4545454'}
2022-04-26 22:25:33 - get_log.py - [line:133] - INFO - [日志信息]: 响应结果：{'detail': 'HTTP 401: Unauthorized'}
2022-04-26 22:25:33 - get_log.py - [line:133] - INFO - [日志信息]: 响应状态码：401
2022-04-26 22:25:33 - get_log.py - [line:133] - INFO - [日志信息]: 断言检查点：预期响应结果 Unauthorized
2022-04-26 22:25:33 - get_log.py - [line:133] - INFO - [日志信息]: 断言检查点：实际结果响应结果 {'detail': 'HTTP 401: Unauthorized'}
2022-04-26 22:25:33 - get_log.py - [line:133] - INFO - [日志信息]: 测试结果：预期结果包含在实际结果内，测试用例通过
