2022-04-26 22:25:16 - get_log.py - [line:140] - ERROR - [日志信息]: 断言检查点：预期响应结果 total
2022-04-26 22:25:16 - get_log.py - [line:140] - ERROR - [日志信息]: 断言检查点：实际结果响应结果 {'detail': 'HTTP 401: Unauthorized'}
2022-04-26 22:25:16 - get_log.py - [line:140] - ERROR - [日志信息]: 测试结果：实际结果不包含在预期结果内，测试用例失败
2022-04-26 22:25:17 - get_log.py - [line:140] - ERROR - [日志信息]: 断言检查点：预期响应结果 total
2022-04-26 22:25:17 - get_log.py - [line:140] - ERROR - [日志信息]: 断言检查点：实际结果响应结果 {'detail': 'HTTP 401: Unauthorized'}
2022-04-26 22:25:17 - get_log.py - [line:140] - ERROR - [日志信息]: 测试结果：实际结果不包含在预期结果内，测试用例失败
2022-04-26 22:25:21 - get_log.py - [line:140] - ERROR - [日志信息]: 断言检查点：预期响应结果 wan
2022-04-26 22:25:21 - get_log.py - [line:140] - ERROR - [日志信息]: 断言检查点：实际结果响应结果 {'detail': 'HTTP 401: Unauthorized'}
2022-04-26 22:25:21 - get_log.py - [line:140] - ERROR - [日志信息]: 测试结果：实际结果不包含在预期结果内，测试用例失败
2022-04-26 22:25:23 - get_log.py - [line:140] - ERROR - [日志信息]: 断言检查点：预期响应结果 status
2022-04-26 22:25:23 - get_log.py - [line:140] - ERROR - [日志信息]: 断言检查点：实际结果响应结果 {'detail': 'HTTP 401: Unauthorized'}
2022-04-26 22:25:23 - get_log.py - [line:140] - ERROR - [日志信息]: 测试结果：实际结果不包含在预期结果内，测试用例失败
2022-04-26 22:25:25 - get_log.py - [line:140] - ERROR - [日志信息]: 断言检查点：预期响应结果 state
2022-04-26 22:25:25 - get_log.py - [line:140] - ERROR - [日志信息]: 断言检查点：实际结果响应结果 {'detail': 'HTTP 401: Unauthorized'}
2022-04-26 22:25:25 - get_log.py - [line:140] - ERROR - [日志信息]: 测试结果：实际结果不包含在预期结果内，测试用例失败
2022-04-26 22:25:26 - get_log.py - [line:140] - ERROR - [日志信息]: 断言检查点：预期响应结果 {'code': 100201}
2022-04-26 22:25:26 - get_log.py - [line:140] - ERROR - [日志信息]: 断言检查点：实际结果响应结果 {'detail': 'HTTP 401: Unauthorized'}
2022-04-26 22:25:26 - get_log.py - [line:140] - ERROR - [日志信息]: 测试结果：实际结果不包含在预期结果内，测试用例失败
2022-04-26 22:25:29 - get_log.py - [line:140] - ERROR - [日志信息]: 断言检查点：预期响应结果 total
2022-04-26 22:25:29 - get_log.py - [line:140] - ERROR - [日志信息]: 断言检查点：实际结果响应结果 {'detail': 'HTTP 401: Unauthorized'}
2022-04-26 22:25:29 - get_log.py - [line:140] - ERROR - [日志信息]: 测试结果：实际结果不包含在预期结果内，测试用例失败
