2022-03-22 23:06:04 - get_log.py - [line:133] - INFO - [日志信息]: 登录模块
2022-03-22 23:06:04 - get_log.py - [line:133] - INFO - [日志信息]: 【开始执行测试用例：测试用例1：使用正确的用户名和密码能登录成功】
2022-03-22 23:06:04 - get_log.py - [line:133] - INFO - [日志信息]: 请求url：http://shop.ecmobile.cn/ecmobile/?url=/user/signin
2022-03-22 23:06:04 - get_log.py - [line:133] - INFO - [日志信息]: 请求方法：post
2022-03-22 23:06:04 - get_log.py - [line:133] - INFO - [日志信息]: 请求参数：{'name': '张三', 'password': 12345678}
2022-03-22 23:06:04 - get_log.py - [line:133] - INFO - [日志信息]: 响应结果：{'data': {'session': {'sid': '4f306bb9e84a98b1dc5eb6c5a4ff01b3c18b4691', 'uid': '1'}, 'user': {'id': '1', 'name': '张三', 'rank_name': '注册用户', 'rank_level': 0, 'collection_num': '0', 'email': '13123@qq.com', 'order_num': {'await_pay': '0', 'await_ship': '0', 'shipped': '0', 'finished': '0'}}}, 'status': {'succeed': 1}}
2022-03-22 23:06:04 - get_log.py - [line:133] - INFO - [日志信息]: 响应状态码：200
2022-03-22 23:06:04 - get_log.py - [line:133] - INFO - [日志信息]: 断言检查点：预期响应结果：{'succeed': 1}
2022-03-22 23:06:04 - get_log.py - [line:133] - INFO - [日志信息]: 断言检查点：实际结果响应结果{'succeed': 1}
2022-03-22 23:06:04 - get_log.py - [line:133] - INFO - [日志信息]: 测试结果：预期结果包含在实际结果内，测试用例通过
2022-03-22 23:06:04 - get_log.py - [line:133] - INFO - [日志信息]: 登录模块
2022-03-22 23:06:04 - get_log.py - [line:133] - INFO - [日志信息]: 【开始执行测试用例：测试用例2：使用错误的用户名不能登录成功】
2022-03-22 23:06:04 - get_log.py - [line:133] - INFO - [日志信息]: 请求url：http://shop.ecmobile.cn/ecmobile/?url=/user/signin
2022-03-22 23:06:04 - get_log.py - [line:133] - INFO - [日志信息]: 请求方法：post
2022-03-22 23:06:04 - get_log.py - [line:133] - INFO - [日志信息]: 请求参数：{'name': '李四', 'password': 12345678}
2022-03-22 23:06:04 - get_log.py - [line:133] - INFO - [日志信息]: 响应结果：{'status': {'succeed': 0, 'error_code': 6, 'error_desc': '用户名或者密码错误'}}
2022-03-22 23:06:04 - get_log.py - [line:133] - INFO - [日志信息]: 响应状态码：200
2022-03-22 23:06:04 - get_log.py - [line:133] - INFO - [日志信息]: 断言检查点：预期响应结果：{'error_code': 6}
2022-03-22 23:06:04 - get_log.py - [line:133] - INFO - [日志信息]: 断言检查点：实际结果响应结果{'succeed': 0, 'error_code': 6, 'error_desc': '用户名或者密码错误'}
2022-03-22 23:06:04 - get_log.py - [line:133] - INFO - [日志信息]: 测试结果：预期结果包含在实际结果内，测试用例通过
2022-03-22 23:06:04 - get_log.py - [line:133] - INFO - [日志信息]: 登录模块
2022-03-22 23:06:04 - get_log.py - [line:133] - INFO - [日志信息]: 【开始执行测试用例：测试用例3：使用错误的密码不能登录成功】
2022-03-22 23:06:04 - get_log.py - [line:133] - INFO - [日志信息]: 请求url：http://shop.ecmobile.cn/ecmobile/?url=/user/signin
2022-03-22 23:06:04 - get_log.py - [line:133] - INFO - [日志信息]: 请求方法：post
2022-03-22 23:06:04 - get_log.py - [line:133] - INFO - [日志信息]: 请求参数：{'name': '张三', 'password': 12345678979}
2022-03-22 23:06:04 - get_log.py - [line:133] - INFO - [日志信息]: 响应结果：{'status': {'succeed': 0, 'error_code': 6, 'error_desc': '用户名或者密码错误'}}
2022-03-22 23:06:04 - get_log.py - [line:133] - INFO - [日志信息]: 响应状态码：200
2022-03-22 23:06:04 - get_log.py - [line:133] - INFO - [日志信息]: 断言检查点：预期响应结果：用户名或者密码错误
2022-03-22 23:06:04 - get_log.py - [line:133] - INFO - [日志信息]: 断言检查点：实际结果响应结果{'succeed': 0, 'error_code': 6, 'error_desc': '用户名或者密码错误'}
2022-03-22 23:06:04 - get_log.py - [line:133] - INFO - [日志信息]: 测试结果：预期结果包含在实际结果内，测试用例通过
2022-03-22 23:06:04 - get_log.py - [line:133] - INFO - [日志信息]: 登录模块
2022-03-22 23:06:04 - get_log.py - [line:133] - INFO - [日志信息]: 【开始执行测试用例：测试用例4：不填写用户名和密码不能登录成功】
2022-03-22 23:06:04 - get_log.py - [line:133] - INFO - [日志信息]: 请求url：http://shop.ecmobile.cn/ecmobile/?url=/user/signin
2022-03-22 23:06:04 - get_log.py - [line:133] - INFO - [日志信息]: 请求方法：post
2022-03-22 23:06:04 - get_log.py - [line:133] - INFO - [日志信息]: 请求参数：{'name': None, 'password': None}
2022-03-22 23:06:04 - get_log.py - [line:133] - INFO - [日志信息]: 响应结果：{'status': {'succeed': 0, 'error_code': 6, 'error_desc': '用户名或者密码错误'}}
2022-03-22 23:06:04 - get_log.py - [line:133] - INFO - [日志信息]: 响应状态码：200
2022-03-22 23:06:04 - get_log.py - [line:133] - INFO - [日志信息]: 断言检查点：预期响应结果：{'error_desc': '用户名或者密码错误'}
2022-03-22 23:06:04 - get_log.py - [line:133] - INFO - [日志信息]: 断言检查点：实际结果响应结果{'succeed': 0, 'error_code': 6, 'error_desc': '用户名或者密码错误'}
2022-03-22 23:06:04 - get_log.py - [line:133] - INFO - [日志信息]: 测试结果：预期结果包含在实际结果内，测试用例通过
2022-03-22 23:06:04 - get_log.py - [line:133] - INFO - [日志信息]: 客户管理模块
2022-03-22 23:06:04 - get_log.py - [line:133] - INFO - [日志信息]: 【开始执行测试用例：测试用例1：使用查看用户信息】
2022-03-22 23:06:04 - get_log.py - [line:133] - INFO - [日志信息]: 请求url：http://shop.ecmobile.cn/ecmobile/?url=/user/info
2022-03-22 23:06:04 - get_log.py - [line:133] - INFO - [日志信息]: 请求方法：post
2022-03-22 23:06:04 - get_log.py - [line:133] - INFO - [日志信息]: 请求参数：{'json': '{"session": {"sid": "4f306bb9e84a98b1dc5eb6c5a4ff01b3c18b4691", "uid": "1"}}'}
2022-03-22 23:06:04 - get_log.py - [line:133] - INFO - [日志信息]: 响应结果：{'data': {'id': '1', 'name': '张三', 'rank_name': '注册用户', 'rank_level': 0, 'collection_num': '0', 'email': '13123@qq.com', 'order_num': {'await_pay': '0', 'await_ship': '0', 'shipped': '0', 'finished': '0'}}, 'status': {'succeed': 1}}
2022-03-22 23:06:04 - get_log.py - [line:133] - INFO - [日志信息]: 响应状态码：200
2022-03-22 23:06:04 - get_log.py - [line:133] - INFO - [日志信息]: 断言检查点：预期响应结果：{'rank_name': '注册用户'}
2022-03-22 23:06:04 - get_log.py - [line:133] - INFO - [日志信息]: 断言检查点：实际结果响应结果{'data': {'id': '1', 'name': '张三', 'rank_name': '注册用户', 'rank_level': 0, 'collection_num': '0', 'email': '13123@qq.com', 'order_num': {'await_pay': '0', 'await_ship': '0', 'shipped': '0', 'finished': '0'}}, 'status': {'succeed': 1}}
2022-03-22 23:06:04 - get_log.py - [line:133] - INFO - [日志信息]: 测试结果：预期结果包含在实际结果内，测试用例通过
