2023-09-03 13:12:28 - get_log.py - [line:140] - ERROR - [日志信息]: 断言检查点：预期响应结果 total
2023-09-03 13:12:28 - get_log.py - [line:140] - ERROR - [日志信息]: 断言检查点：实际结果响应结果 {'detail': 'HTTP 401: Unauthorized'}
2023-09-03 13:12:28 - get_log.py - [line:140] - ERROR - [日志信息]: 测试结果：实际结果不包含在预期结果内，测试用例失败
2023-09-03 13:12:29 - get_log.py - [line:140] - ERROR - [日志信息]: 断言检查点：预期响应结果 total
2023-09-03 13:12:29 - get_log.py - [line:140] - ERROR - [日志信息]: 断言检查点：实际结果响应结果 {'detail': 'HTTP 401: Unauthorized'}
2023-09-03 13:12:29 - get_log.py - [line:140] - ERROR - [日志信息]: 测试结果：实际结果不包含在预期结果内，测试用例失败
2023-09-03 13:12:31 - get_log.py - [line:140] - ERROR - [日志信息]: 断言检查点：预期响应结果 wan
2023-09-03 13:12:31 - get_log.py - [line:140] - ERROR - [日志信息]: 断言检查点：实际结果响应结果 {'detail': 'HTTP 401: Unauthorized'}
2023-09-03 13:12:31 - get_log.py - [line:140] - ERROR - [日志信息]: 测试结果：实际结果不包含在预期结果内，测试用例失败
2023-09-03 13:12:33 - get_log.py - [line:140] - ERROR - [日志信息]: 断言检查点：预期响应结果 status
2023-09-03 13:12:33 - get_log.py - [line:140] - ERROR - [日志信息]: 断言检查点：实际结果响应结果 {'detail': 'HTTP 401: Unauthorized'}
2023-09-03 13:12:33 - get_log.py - [line:140] - ERROR - [日志信息]: 测试结果：实际结果不包含在预期结果内，测试用例失败
2023-09-03 13:12:34 - get_log.py - [line:140] - ERROR - [日志信息]: 断言检查点：预期响应结果 state
2023-09-03 13:12:34 - get_log.py - [line:140] - ERROR - [日志信息]: 断言检查点：实际结果响应结果 {'detail': 'HTTP 401: Unauthorized'}
2023-09-03 13:12:34 - get_log.py - [line:140] - ERROR - [日志信息]: 测试结果：实际结果不包含在预期结果内，测试用例失败
2023-09-03 13:12:35 - get_log.py - [line:140] - ERROR - [日志信息]: 断言检查点：预期响应结果 {'code': 100201}
2023-09-03 13:12:35 - get_log.py - [line:140] - ERROR - [日志信息]: 断言检查点：实际结果响应结果 {'detail': 'HTTP 401: Unauthorized'}
2023-09-03 13:12:35 - get_log.py - [line:140] - ERROR - [日志信息]: 测试结果：实际结果不包含在预期结果内，测试用例失败
2023-09-03 13:12:38 - get_log.py - [line:140] - ERROR - [日志信息]: 断言检查点：预期响应结果 total
2023-09-03 13:12:38 - get_log.py - [line:140] - ERROR - [日志信息]: 断言检查点：实际结果响应结果 {'detail': 'HTTP 401: Unauthorized'}
2023-09-03 13:12:38 - get_log.py - [line:140] - ERROR - [日志信息]: 测试结果：实际结果不包含在预期结果内，测试用例失败
