2023-09-03 13:12:10 - get_log.py - [line:133] - INFO - [日志信息]: 没有日志文件，直接写入
2023-09-03 13:12:12 - get_log.py - [line:133] - INFO - [日志信息]: cookie值提取成功
2023-09-03 13:12:15 - get_log.py - [line:133] - INFO - [日志信息]: userid提取成功
2023-09-03 13:12:17 - get_log.py - [line:133] - INFO - [日志信息]: 用户信息模块
2023-09-03 13:12:18 - get_log.py - [line:133] - INFO - [日志信息]: 【开始执行测试用例：测试用例1:上传正确id，正确cookie值,能获取用户信息】
2023-09-03 13:12:18 - get_log.py - [line:133] - INFO - [日志信息]: 请求url：https://noc-test.merckuwifi.com/api/endusers/dJupBfafK4baVDZvBvbgjy
2023-09-03 13:12:18 - get_log.py - [line:133] - INFO - [日志信息]: 请求方法：get
2023-09-03 13:12:18 - get_log.py - [line:133] - INFO - [日志信息]: 请求参数：{'t': '1693717937'}
2023-09-03 13:12:18 - get_log.py - [line:133] - INFO - [日志信息]: 请求cookie值：{'cookie': '_cookie=1BESCV#NgrpB7iW5bNqFuw3vZRG3p'}
2023-09-03 13:12:18 - get_log.py - [line:133] - INFO - [日志信息]: 响应结果：{'id': 'dJupBfafK4baVDZvBvbgjy', 'name': 'wuwanrong', 'city': '中国四川省成都市武侯区益州东一路122布鲁明顿广场－停车场', 'email': 'wrwu719@163.com', 'phone': '1-88888888', 'state': 'active', 'external_id': '8888', 'description': 'sdvvvvvvvvvvvvvvvvvvvvvvvvvvvvvvv', 'sns': ['080052203000034'], 'meshes': []}
2023-09-03 13:12:18 - get_log.py - [line:133] - INFO - [日志信息]: 响应状态码：200
2023-09-03 13:12:18 - get_log.py - [line:133] - INFO - [日志信息]: 断言检查点：预期响应结果 {'id': 'dJupBfafK4baVDZvBvbgjy'}
2023-09-03 13:12:18 - get_log.py - [line:133] - INFO - [日志信息]: 断言检查点：实际结果响应结果 {'id': 'dJupBfafK4baVDZvBvbgjy', 'name': 'wuwanrong', 'city': '中国四川省成都市武侯区益州东一路122布鲁明顿广场－停车场', 'email': 'wrwu719@163.com', 'phone': '1-88888888', 'state': 'active', 'external_id': '8888', 'description': 'sdvvvvvvvvvvvvvvvvvvvvvvvvvvvvvvv', 'sns': ['080052203000034'], 'meshes': []}
2023-09-03 13:12:18 - get_log.py - [line:133] - INFO - [日志信息]: 测试结果：预期结果包含在实际结果内，测试用例通过
2023-09-03 13:12:20 - get_log.py - [line:133] - INFO - [日志信息]: 用户信息模块
2023-09-03 13:12:21 - get_log.py - [line:133] - INFO - [日志信息]: 【开始执行测试用例：测试用例2:上传错误id，正确cookie值,不能能获取用户信息】
2023-09-03 13:12:21 - get_log.py - [line:133] - INFO - [日志信息]: 请求url：https://noc-test.merckuwifi.com/api/endusers/ssdsd4545
2023-09-03 13:12:21 - get_log.py - [line:133] - INFO - [日志信息]: 请求方法：get
2023-09-03 13:12:21 - get_log.py - [line:133] - INFO - [日志信息]: 请求参数：{'t': '1693717940'}
2023-09-03 13:12:21 - get_log.py - [line:133] - INFO - [日志信息]: 请求cookie值：{'cookie': '_cookie=1BESCV#NgrpB7iW5bNqFuw3vZRG3p'}
2023-09-03 13:12:21 - get_log.py - [line:133] - INFO - [日志信息]: 响应结果：{'error': {'code': 300202, 'message': ['Id is invalid']}}
2023-09-03 13:12:21 - get_log.py - [line:133] - INFO - [日志信息]: 响应状态码：400
2023-09-03 13:12:21 - get_log.py - [line:133] - INFO - [日志信息]: 断言检查点：预期响应结果 {'message': ['Id is invalid']}
2023-09-03 13:12:21 - get_log.py - [line:133] - INFO - [日志信息]: 断言检查点：实际结果响应结果 {'error': {'code': 300202, 'message': ['Id is invalid']}}
2023-09-03 13:12:21 - get_log.py - [line:133] - INFO - [日志信息]: 测试结果：预期结果包含在实际结果内，测试用例通过
2023-09-03 13:12:21 - get_log.py - [line:133] - INFO - [日志信息]: 接入设备详情模块
2023-09-03 13:12:22 - get_log.py - [line:133] - INFO - [日志信息]: 【开始执行测试用例：测试用例1:上传正确设备sn号，正确cookie值,能获取接入设备信息】
2023-09-03 13:12:22 - get_log.py - [line:133] - INFO - [日志信息]: 请求url：https://noc-test.merckuwifi.com/api/meshes/080052203000111/nodes
2023-09-03 13:12:22 - get_log.py - [line:133] - INFO - [日志信息]: 请求方法：get
2023-09-03 13:12:22 - get_log.py - [line:133] - INFO - [日志信息]: 请求参数：{'t': '1693717941'}
2023-09-03 13:12:22 - get_log.py - [line:133] - INFO - [日志信息]: 请求cookie值：{'cookie': '_cookie=1BESCV#NgrpB7iW5bNqFuw3vZRG3p'}
2023-09-03 13:12:22 - get_log.py - [line:133] - INFO - [日志信息]: 响应结果：[{'lan': {'ip': '192.168.127.1', 'mask': '255.255.255.0', 'gateway': '0.0.0.0', 'dns': ['0.0.0.0', '0.0.0.0', '0.0.0.0', '0.0.0.0', '0.0.0.0', '0.0.0.0']}, 'cpu': 0.0, 'uptime': 0, 'mac': {'lan': 'f8272e0c4bc6', 'wan': 'f8272e0c4bc7', '2.4G': 'f8272e0c4bc8', '5G': 'f8272e0c4bcc', 'guest-5G': '663832373265', 'guest-2.4G': '663832373265'}, 'memory': {'used': 99084000, 'total': 246440000}, 'stations': [], 'is_gw': True, 'channel': {'5g': 40, '2.4g': 11, 'mesh': 40}, 'version': '1.2.1', 'status': 'offline', 'sn': '080052203000111', 'name': 'M6a-0111', 'neighbors': [], 'city_id': '6075357', 'wan': {'ip': '38.69.162.38', 'mask': '255.255.255.224', 'gateway': '38.69.162.33', 'dns': ['168.245.130.16', '168.245.130.17']}, 'offline_time': 1660781172883, 'mesh_id': '080052203000111', 'ip': '192.168.127.1', 'model': {'id': '08', 'name': 'M6a', 'description': 'M6a Wi-Fi Router', 'version': {'id': '0', 'name': 'M8R0'}}, 'latest_version': '2.0.2'}]
2023-09-03 13:12:22 - get_log.py - [line:133] - INFO - [日志信息]: 响应状态码：200
2023-09-03 13:12:22 - get_log.py - [line:133] - INFO - [日志信息]: 断言检查点：预期响应结果 {'sn': '080052203000111'}
2023-09-03 13:12:22 - get_log.py - [line:133] - INFO - [日志信息]: 断言检查点：实际结果响应结果 [{'lan': {'ip': '192.168.127.1', 'mask': '255.255.255.0', 'gateway': '0.0.0.0', 'dns': ['0.0.0.0', '0.0.0.0', '0.0.0.0', '0.0.0.0', '0.0.0.0', '0.0.0.0']}, 'cpu': 0.0, 'uptime': 0, 'mac': {'lan': 'f8272e0c4bc6', 'wan': 'f8272e0c4bc7', '2.4G': 'f8272e0c4bc8', '5G': 'f8272e0c4bcc', 'guest-5G': '663832373265', 'guest-2.4G': '663832373265'}, 'memory': {'used': 99084000, 'total': 246440000}, 'stations': [], 'is_gw': True, 'channel': {'5g': 40, '2.4g': 11, 'mesh': 40}, 'version': '1.2.1', 'status': 'offline', 'sn': '080052203000111', 'name': 'M6a-0111', 'neighbors': [], 'city_id': '6075357', 'wan': {'ip': '38.69.162.38', 'mask': '255.255.255.224', 'gateway': '38.69.162.33', 'dns': ['168.245.130.16', '168.245.130.17']}, 'offline_time': 1660781172883, 'mesh_id': '080052203000111', 'ip': '192.168.127.1', 'model': {'id': '08', 'name': 'M6a', 'description': 'M6a Wi-Fi Router', 'version': {'id': '0', 'name': 'M8R0'}}, 'latest_version': '2.0.2'}]
2023-09-03 13:12:22 - get_log.py - [line:133] - INFO - [日志信息]: 测试结果：预期结果包含在实际结果内，测试用例通过
2023-09-03 13:12:22 - get_log.py - [line:133] - INFO - [日志信息]: 接入设备详情模块
2023-09-03 13:12:23 - get_log.py - [line:133] - INFO - [日志信息]: 【开始执行测试用例：测试用例2:不传设备sn号，正确cookie值,不能获取接入设备信息】
2023-09-03 13:12:23 - get_log.py - [line:133] - INFO - [日志信息]: 请求url：https://noc-test.merckuwifi.com/api/meshes/nodes
2023-09-03 13:12:23 - get_log.py - [line:133] - INFO - [日志信息]: 请求方法：get
2023-09-03 13:12:23 - get_log.py - [line:133] - INFO - [日志信息]: 请求参数：{'t': '1693717942'}
2023-09-03 13:12:23 - get_log.py - [line:133] - INFO - [日志信息]: 请求cookie值：{'cookie': '_cookie=1BESCV#NgrpB7iW5bNqFuw3vZRG3p'}
2023-09-03 13:12:23 - get_log.py - [line:133] - INFO - [日志信息]: 响应结果：{'error': {'code': 300218, 'message': ['Mesh id invalid']}}
2023-09-03 13:12:23 - get_log.py - [line:133] - INFO - [日志信息]: 响应状态码：400
2023-09-03 13:12:23 - get_log.py - [line:133] - INFO - [日志信息]: 断言检查点：预期响应结果 {'message': ['Mesh id invalid']}
2023-09-03 13:12:23 - get_log.py - [line:133] - INFO - [日志信息]: 断言检查点：实际结果响应结果 {'error': {'code': 300218, 'message': ['Mesh id invalid']}}
2023-09-03 13:12:23 - get_log.py - [line:133] - INFO - [日志信息]: 测试结果：预期结果包含在实际结果内，测试用例通过
2023-09-03 13:12:23 - get_log.py - [line:133] - INFO - [日志信息]: 接入设备详情模块
2023-09-03 13:12:24 - get_log.py - [line:133] - INFO - [日志信息]: 【开始执行测试用例：测试用例3:上传正确设备sn号，错误cookie值,不能获取接入设备信息】
2023-09-03 13:12:24 - get_log.py - [line:133] - INFO - [日志信息]: 请求url：https://noc-test.merckuwifi.com/api/meshes/080052203000111/nodes
2023-09-03 13:12:24 - get_log.py - [line:133] - INFO - [日志信息]: 请求方法：get
2023-09-03 13:12:24 - get_log.py - [line:133] - INFO - [日志信息]: 请求参数：{'t': '1693717943'}
2023-09-03 13:12:24 - get_log.py - [line:133] - INFO - [日志信息]: 请求cookie值：{'cookie': '_cookie=dfsdfds44454'}
2023-09-03 13:12:24 - get_log.py - [line:133] - INFO - [日志信息]: 响应结果：{'detail': 'HTTP 401: Unauthorized'}
2023-09-03 13:12:24 - get_log.py - [line:133] - INFO - [日志信息]: 响应状态码：401
2023-09-03 13:12:24 - get_log.py - [line:133] - INFO - [日志信息]: 断言检查点：预期响应结果 Unauthorized
2023-09-03 13:12:24 - get_log.py - [line:133] - INFO - [日志信息]: 断言检查点：实际结果响应结果 {'detail': 'HTTP 401: Unauthorized'}
2023-09-03 13:12:24 - get_log.py - [line:133] - INFO - [日志信息]: 测试结果：预期结果包含在实际结果内，测试用例通过
2023-09-03 13:12:24 - get_log.py - [line:133] - INFO - [日志信息]: 登录模块
2023-09-03 13:12:26 - get_log.py - [line:133] - INFO - [日志信息]: 【开始执行测试用例：测试用例1：使用正确的用户名和密码能登录成功】
2023-09-03 13:12:26 - get_log.py - [line:133] - INFO - [日志信息]: 请求url：https://noc-test.merckuwifi.com/api/users/actions/login
2023-09-03 13:12:26 - get_log.py - [line:133] - INFO - [日志信息]: 请求方法：post
2023-09-03 13:12:26 - get_log.py - [line:133] - INFO - [日志信息]: 请求参数：{'username': 'yuchao', 'password': 12345678}
2023-09-03 13:12:26 - get_log.py - [line:133] - INFO - [日志信息]: 请求cookie值：None
2023-09-03 13:12:26 - get_log.py - [line:133] - INFO - [日志信息]: 响应结果：{'id': 'NgrpB7iW5bNqFuw3vZRG3p', 'username': 'yuchao', 'role': {'id': 'eq6bDnMTZmyPPQ6hsawghX', 'name': 'root', 'created_time': 1614051457000, 'read_only': False, 'permissions': ['alert.edit', 'alert.read', 'alert_report.edit', 'alert_report.read', 'alert_rule.edit', 'alert_rule.read', 'blacklist.device.edit', 'blacklist.device.read', 'device_monthly_report.edit', 'device_monthly_report.read', 'enduser.add', 'enduser.delete', 'enduser.edit', 'enduser.export', 'enduser.import', 'enduser.read', 'enduser.state.edit', 'mesh.batch', 'mesh.delete', 'mesh.detail.read', 'mesh.read', 'mesh.state.edit', 'mesh.task.add', 'role.add', 'role.delete', 'role.edit', 'role.read', 'syslog.read', 'user.add', 'user.delete', 'user.edit', 'user.freeze', 'user.read', 'user.unfreeze']}, 'freezed': False, 'created_time': 1627869194000, 'settings': {'timezone_offset': '-04:00'}}
2023-09-03 13:12:26 - get_log.py - [line:133] - INFO - [日志信息]: 响应状态码：200
2023-09-03 13:12:26 - get_log.py - [line:133] - INFO - [日志信息]: 断言检查点：预期响应结果 {'id': 'eq6bDnMTZmyPPQ6hsawghX'}
2023-09-03 13:12:26 - get_log.py - [line:133] - INFO - [日志信息]: 断言检查点：实际结果响应结果 {'id': 'NgrpB7iW5bNqFuw3vZRG3p', 'username': 'yuchao', 'role': {'id': 'eq6bDnMTZmyPPQ6hsawghX', 'name': 'root', 'created_time': 1614051457000, 'read_only': False, 'permissions': ['alert.edit', 'alert.read', 'alert_report.edit', 'alert_report.read', 'alert_rule.edit', 'alert_rule.read', 'blacklist.device.edit', 'blacklist.device.read', 'device_monthly_report.edit', 'device_monthly_report.read', 'enduser.add', 'enduser.delete', 'enduser.edit', 'enduser.export', 'enduser.import', 'enduser.read', 'enduser.state.edit', 'mesh.batch', 'mesh.delete', 'mesh.detail.read', 'mesh.read', 'mesh.state.edit', 'mesh.task.add', 'role.add', 'role.delete', 'role.edit', 'role.read', 'syslog.read', 'user.add', 'user.delete', 'user.edit', 'user.freeze', 'user.read', 'user.unfreeze']}, 'freezed': False, 'created_time': 1627869194000, 'settings': {'timezone_offset': '-04:00'}}
2023-09-03 13:12:26 - get_log.py - [line:133] - INFO - [日志信息]: 测试结果：预期结果包含在实际结果内，测试用例通过
2023-09-03 13:12:26 - get_log.py - [line:133] - INFO - [日志信息]: 登录模块
2023-09-03 13:12:26 - get_log.py - [line:133] - INFO - [日志信息]: 【开始执行测试用例：测试用例2：使用错误的用户名不能登录成功】
2023-09-03 13:12:26 - get_log.py - [line:133] - INFO - [日志信息]: 请求url：https://noc-test.merckuwifi.com/api/users/actions/login
2023-09-03 13:12:26 - get_log.py - [line:133] - INFO - [日志信息]: 请求方法：post
2023-09-03 13:12:26 - get_log.py - [line:133] - INFO - [日志信息]: 请求参数：{'username': 'yudsadc', 'password': 12345678}
2023-09-03 13:12:26 - get_log.py - [line:133] - INFO - [日志信息]: 请求cookie值：None
2023-09-03 13:12:26 - get_log.py - [line:133] - INFO - [日志信息]: 响应结果：{'error': {'code': 200101, 'message': ['Incorrect username or password']}}
2023-09-03 13:12:26 - get_log.py - [line:133] - INFO - [日志信息]: 响应状态码：400
2023-09-03 13:12:26 - get_log.py - [line:133] - INFO - [日志信息]: 断言检查点：预期响应结果 {'message': ['Incorrect username or password']}
2023-09-03 13:12:26 - get_log.py - [line:133] - INFO - [日志信息]: 断言检查点：实际结果响应结果 {'error': {'code': 200101, 'message': ['Incorrect username or password']}}
2023-09-03 13:12:26 - get_log.py - [line:133] - INFO - [日志信息]: 测试结果：预期结果包含在实际结果内，测试用例通过
2023-09-03 13:12:26 - get_log.py - [line:133] - INFO - [日志信息]: 登录模块
2023-09-03 13:12:27 - get_log.py - [line:133] - INFO - [日志信息]: 【开始执行测试用例：测试用例3：使用错误的密码不能登录成功】
2023-09-03 13:12:27 - get_log.py - [line:133] - INFO - [日志信息]: 请求url：https://noc-test.merckuwifi.com/api/users/actions/login
2023-09-03 13:12:27 - get_log.py - [line:133] - INFO - [日志信息]: 请求方法：post
2023-09-03 13:12:27 - get_log.py - [line:133] - INFO - [日志信息]: 请求参数：{'username': 'yuchao', 'password': 12345678922}
2023-09-03 13:12:27 - get_log.py - [line:133] - INFO - [日志信息]: 请求cookie值：None
2023-09-03 13:12:27 - get_log.py - [line:133] - INFO - [日志信息]: 响应结果：{'error': {'code': 200101, 'message': ['Incorrect username or password']}}
2023-09-03 13:12:27 - get_log.py - [line:133] - INFO - [日志信息]: 响应状态码：400
2023-09-03 13:12:27 - get_log.py - [line:133] - INFO - [日志信息]: 断言检查点：预期响应结果 {'message': ['Incorrect username or password']}
2023-09-03 13:12:27 - get_log.py - [line:133] - INFO - [日志信息]: 断言检查点：实际结果响应结果 {'error': {'code': 200101, 'message': ['Incorrect username or password']}}
2023-09-03 13:12:27 - get_log.py - [line:133] - INFO - [日志信息]: 测试结果：预期结果包含在实际结果内，测试用例通过
2023-09-03 13:12:27 - get_log.py - [line:133] - INFO - [日志信息]: 登录模块
2023-09-03 13:12:27 - get_log.py - [line:133] - INFO - [日志信息]: 【开始执行测试用例：测试用例4：不填写用户名和密码不能登录成功】
2023-09-03 13:12:27 - get_log.py - [line:133] - INFO - [日志信息]: 请求url：https://noc-test.merckuwifi.com/api/users/actions/login
2023-09-03 13:12:27 - get_log.py - [line:133] - INFO - [日志信息]: 请求方法：post
2023-09-03 13:12:27 - get_log.py - [line:133] - INFO - [日志信息]: 请求参数：{'username': None, 'password': None}
2023-09-03 13:12:27 - get_log.py - [line:133] - INFO - [日志信息]: 请求cookie值：None
2023-09-03 13:12:27 - get_log.py - [line:133] - INFO - [日志信息]: 响应结果：{'error': {'code': 100201, 'message': ["'username' is a required property"]}}
2023-09-03 13:12:27 - get_log.py - [line:133] - INFO - [日志信息]: 响应状态码：400
2023-09-03 13:12:27 - get_log.py - [line:133] - INFO - [日志信息]: 断言检查点：预期响应结果 {'message': ["'username' is a required property"]}
2023-09-03 13:12:27 - get_log.py - [line:133] - INFO - [日志信息]: 断言检查点：实际结果响应结果 {'error': {'code': 100201, 'message': ["'username' is a required property"]}}
2023-09-03 13:12:27 - get_log.py - [line:133] - INFO - [日志信息]: 测试结果：预期结果包含在实际结果内，测试用例通过
2023-09-03 13:12:27 - get_log.py - [line:133] - INFO - [日志信息]: 设备数量统计模块
2023-09-03 13:12:28 - get_log.py - [line:133] - INFO - [日志信息]: 【开始执行测试用例：测试用例1：传入实时时间，正确cookie值，能获取设备总数量】
2023-09-03 13:12:28 - get_log.py - [line:133] - INFO - [日志信息]: 请求url：https://noc-test.merckuwifi.com/api/statistics/routers/count
2023-09-03 13:12:28 - get_log.py - [line:133] - INFO - [日志信息]: 请求方法：get
2023-09-03 13:12:28 - get_log.py - [line:133] - INFO - [日志信息]: 请求参数：{'t': '1693717947'}
2023-09-03 13:12:28 - get_log.py - [line:133] - INFO - [日志信息]: 请求cookie值：{'cookie': '_cookie=1BESCV#NgrpB7iW5bNqFuw3vZRG3p'}
2023-09-03 13:12:28 - get_log.py - [line:133] - INFO - [日志信息]: 响应结果：{'detail': 'HTTP 401: Unauthorized'}
2023-09-03 13:12:28 - get_log.py - [line:133] - INFO - [日志信息]: 响应状态码：401
2023-09-03 13:12:28 - get_log.py - [line:140] - ERROR - [日志信息]: 断言检查点：预期响应结果 total
2023-09-03 13:12:28 - get_log.py - [line:140] - ERROR - [日志信息]: 断言检查点：实际结果响应结果 {'detail': 'HTTP 401: Unauthorized'}
2023-09-03 13:12:28 - get_log.py - [line:140] - ERROR - [日志信息]: 测试结果：实际结果不包含在预期结果内，测试用例失败
2023-09-03 13:12:28 - get_log.py - [line:133] - INFO - [日志信息]: 设备数量统计模块
2023-09-03 13:12:29 - get_log.py - [line:133] - INFO - [日志信息]: 【开始执行测试用例：测试用例2：传入任意时间，正确cookie值能，获取设备总数量】
2023-09-03 13:12:29 - get_log.py - [line:133] - INFO - [日志信息]: 请求url：https://noc-test.merckuwifi.com/api/statistics/routers/count
2023-09-03 13:12:29 - get_log.py - [line:133] - INFO - [日志信息]: 请求方法：get
2023-09-03 13:12:29 - get_log.py - [line:133] - INFO - [日志信息]: 请求参数：{'t': 165454}
2023-09-03 13:12:29 - get_log.py - [line:133] - INFO - [日志信息]: 请求cookie值：{'cookie': '_cookie=1BESCV#NgrpB7iW5bNqFuw3vZRG3p'}
2023-09-03 13:12:29 - get_log.py - [line:133] - INFO - [日志信息]: 响应结果：{'detail': 'HTTP 401: Unauthorized'}
2023-09-03 13:12:29 - get_log.py - [line:133] - INFO - [日志信息]: 响应状态码：401
2023-09-03 13:12:29 - get_log.py - [line:140] - ERROR - [日志信息]: 断言检查点：预期响应结果 total
2023-09-03 13:12:29 - get_log.py - [line:140] - ERROR - [日志信息]: 断言检查点：实际结果响应结果 {'detail': 'HTTP 401: Unauthorized'}
2023-09-03 13:12:29 - get_log.py - [line:140] - ERROR - [日志信息]: 测试结果：实际结果不包含在预期结果内，测试用例失败
2023-09-03 13:12:29 - get_log.py - [line:133] - INFO - [日志信息]: 设备数量统计模块
2023-09-03 13:12:29 - get_log.py - [line:133] - INFO - [日志信息]: 查询设备详细信息模块
2023-09-03 13:12:31 - get_log.py - [line:133] - INFO - [日志信息]: 【开始执行测试用例：测试用例1：传入实时时间，设备sn号，正确cookie值,正确的参数值mode,wifi,wan,enduser,status,state 能获取设备总数量】
2023-09-03 13:12:31 - get_log.py - [line:133] - INFO - [日志信息]: 请求url：https://noc-test.merckuwifi.com/api/meshes/080052203000120?fields=mode,wifi,wan,enduser,status,state
2023-09-03 13:12:31 - get_log.py - [line:133] - INFO - [日志信息]: 请求方法：get
2023-09-03 13:12:31 - get_log.py - [line:133] - INFO - [日志信息]: 请求参数：{'t': '1693717949'}
2023-09-03 13:12:31 - get_log.py - [line:133] - INFO - [日志信息]: 请求cookie值：{'cookie': '_cookie=1BESCV#NgrpB7iW5bNqFuw3vZRG3p'}
2023-09-03 13:12:31 - get_log.py - [line:133] - INFO - [日志信息]: 响应结果：{'detail': 'HTTP 401: Unauthorized'}
2023-09-03 13:12:31 - get_log.py - [line:133] - INFO - [日志信息]: 响应状态码：401
2023-09-03 13:12:31 - get_log.py - [line:140] - ERROR - [日志信息]: 断言检查点：预期响应结果 wan
2023-09-03 13:12:31 - get_log.py - [line:140] - ERROR - [日志信息]: 断言检查点：实际结果响应结果 {'detail': 'HTTP 401: Unauthorized'}
2023-09-03 13:12:31 - get_log.py - [line:140] - ERROR - [日志信息]: 测试结果：实际结果不包含在预期结果内，测试用例失败
2023-09-03 13:12:31 - get_log.py - [line:133] - INFO - [日志信息]: 查询设备详细信息模块
2023-09-03 13:12:32 - get_log.py - [line:133] - INFO - [日志信息]: 【开始执行测试用例：测试用例2：传入实时时间，设备sn号，错误cookie值,正确的参数值mode,wifi,wan,enduser,status,state 不能获取设备总数量】
2023-09-03 13:12:32 - get_log.py - [line:133] - INFO - [日志信息]: 请求url：https://noc-test.merckuwifi.com/api/meshes/080052203000083?fields=mode,wifi,wan,enduser,status,state
2023-09-03 13:12:32 - get_log.py - [line:133] - INFO - [日志信息]: 请求方法：get
2023-09-03 13:12:32 - get_log.py - [line:133] - INFO - [日志信息]: 请求参数：{'t': '1693717951'}
2023-09-03 13:12:32 - get_log.py - [line:133] - INFO - [日志信息]: 请求cookie值：{'cookie': '_cookie=dfsd5656fsd5634'}
2023-09-03 13:12:32 - get_log.py - [line:133] - INFO - [日志信息]: 响应结果：{'detail': 'HTTP 401: Unauthorized'}
2023-09-03 13:12:32 - get_log.py - [line:133] - INFO - [日志信息]: 响应状态码：401
2023-09-03 13:12:32 - get_log.py - [line:133] - INFO - [日志信息]: 断言检查点：预期响应结果 HTTP 401
2023-09-03 13:12:32 - get_log.py - [line:133] - INFO - [日志信息]: 断言检查点：实际结果响应结果 {'detail': 'HTTP 401: Unauthorized'}
2023-09-03 13:12:32 - get_log.py - [line:133] - INFO - [日志信息]: 测试结果：预期结果包含在实际结果内，测试用例通过
2023-09-03 13:12:32 - get_log.py - [line:133] - INFO - [日志信息]: 查询设备详细信息模块
2023-09-03 13:12:33 - get_log.py - [line:133] - INFO - [日志信息]: 【开始执行测试用例：测试用例3：传入实时时间，设备sn号，正确cookie值,不传参数值state,不能获取设备总数量】
2023-09-03 13:12:33 - get_log.py - [line:133] - INFO - [日志信息]: 请求url：https://noc-test.merckuwifi.com/api/meshes/080052203000111?fields=mode,wifi,wan,enduser,status
2023-09-03 13:12:33 - get_log.py - [line:133] - INFO - [日志信息]: 请求方法：get
2023-09-03 13:12:33 - get_log.py - [line:133] - INFO - [日志信息]: 请求参数：{'t': '1693717952'}
2023-09-03 13:12:33 - get_log.py - [line:133] - INFO - [日志信息]: 请求cookie值：{'cookie': '_cookie=1BESCV#NgrpB7iW5bNqFuw3vZRG3p'}
2023-09-03 13:12:33 - get_log.py - [line:133] - INFO - [日志信息]: 响应结果：{'detail': 'HTTP 401: Unauthorized'}
2023-09-03 13:12:33 - get_log.py - [line:133] - INFO - [日志信息]: 响应状态码：401
2023-09-03 13:12:33 - get_log.py - [line:140] - ERROR - [日志信息]: 断言检查点：预期响应结果 status
2023-09-03 13:12:33 - get_log.py - [line:140] - ERROR - [日志信息]: 断言检查点：实际结果响应结果 {'detail': 'HTTP 401: Unauthorized'}
2023-09-03 13:12:33 - get_log.py - [line:140] - ERROR - [日志信息]: 测试结果：实际结果不包含在预期结果内，测试用例失败
2023-09-03 13:12:33 - get_log.py - [line:133] - INFO - [日志信息]: 查询设备详细信息模块
2023-09-03 13:12:34 - get_log.py - [line:133] - INFO - [日志信息]: 【开始执行测试用例：测试用例4：传入设备sn号，正确的cookie，不传参数status 不能获取设备总数量】
2023-09-03 13:12:34 - get_log.py - [line:133] - INFO - [日志信息]: 请求url：https://noc-test.merckuwifi.com/api/meshes/080052203000111?fields=mode,wifi,wan,enduser,state
2023-09-03 13:12:34 - get_log.py - [line:133] - INFO - [日志信息]: 请求方法：get
2023-09-03 13:12:34 - get_log.py - [line:133] - INFO - [日志信息]: 请求参数：{'t': '1693717953'}
2023-09-03 13:12:34 - get_log.py - [line:133] - INFO - [日志信息]: 请求cookie值：{'cookie': '_cookie=1BESCV#NgrpB7iW5bNqFuw3vZRG3p'}
2023-09-03 13:12:34 - get_log.py - [line:133] - INFO - [日志信息]: 响应结果：{'detail': 'HTTP 401: Unauthorized'}
2023-09-03 13:12:34 - get_log.py - [line:133] - INFO - [日志信息]: 响应状态码：401
2023-09-03 13:12:34 - get_log.py - [line:140] - ERROR - [日志信息]: 断言检查点：预期响应结果 state
2023-09-03 13:12:34 - get_log.py - [line:140] - ERROR - [日志信息]: 断言检查点：实际结果响应结果 {'detail': 'HTTP 401: Unauthorized'}
2023-09-03 13:12:34 - get_log.py - [line:140] - ERROR - [日志信息]: 测试结果：实际结果不包含在预期结果内，测试用例失败
2023-09-03 13:12:34 - get_log.py - [line:133] - INFO - [日志信息]: 查询设备详细信息模块
2023-09-03 13:12:35 - get_log.py - [line:133] - INFO - [日志信息]: 【开始执行测试用例：测试用例5：不传入设备sn号，正确的参数值mode,wifi,wan,enduser,status,state 不能获取设备总数量】
2023-09-03 13:12:35 - get_log.py - [line:133] - INFO - [日志信息]: 请求url：https://noc-test.merckuwifi.com/api/meshes?fields=mode,wifi,wan,enduser,status,state
2023-09-03 13:12:35 - get_log.py - [line:133] - INFO - [日志信息]: 请求方法：get
2023-09-03 13:12:35 - get_log.py - [line:133] - INFO - [日志信息]: 请求参数：{'t': '1693717954'}
2023-09-03 13:12:35 - get_log.py - [line:133] - INFO - [日志信息]: 请求cookie值：{'cookie': '_cookie=1BESCV#NgrpB7iW5bNqFuw3vZRG3p'}
2023-09-03 13:12:35 - get_log.py - [line:133] - INFO - [日志信息]: 响应结果：{'detail': 'HTTP 401: Unauthorized'}
2023-09-03 13:12:35 - get_log.py - [line:133] - INFO - [日志信息]: 响应状态码：401
2023-09-03 13:12:35 - get_log.py - [line:140] - ERROR - [日志信息]: 断言检查点：预期响应结果 {'code': 100201}
2023-09-03 13:12:35 - get_log.py - [line:140] - ERROR - [日志信息]: 断言检查点：实际结果响应结果 {'detail': 'HTTP 401: Unauthorized'}
2023-09-03 13:12:35 - get_log.py - [line:140] - ERROR - [日志信息]: 测试结果：实际结果不包含在预期结果内，测试用例失败
2023-09-03 13:12:37 - get_log.py - [line:133] - INFO - [日志信息]: 用户信息模块
2023-09-03 13:12:38 - get_log.py - [line:133] - INFO - [日志信息]: 【开始执行测试用例：测试用例1:上传正确参数值，正确cookie值,能获取所有用户信息】
2023-09-03 13:12:38 - get_log.py - [line:133] - INFO - [日志信息]: 请求url：https://noc-test.merckuwifi.com/api/endusers
2023-09-03 13:12:38 - get_log.py - [line:133] - INFO - [日志信息]: 请求方法：get
2023-09-03 13:12:38 - get_log.py - [line:133] - INFO - [日志信息]: 请求参数：{'offset': None, 'count': None, 't': '1693717957'}
2023-09-03 13:12:38 - get_log.py - [line:133] - INFO - [日志信息]: 请求cookie值：{'cookie': '_cookie=1BESCV#NgrpB7iW5bNqFuw3vZRG3p'}
2023-09-03 13:12:38 - get_log.py - [line:133] - INFO - [日志信息]: 响应结果：{'detail': 'HTTP 401: Unauthorized'}
2023-09-03 13:12:38 - get_log.py - [line:133] - INFO - [日志信息]: 响应状态码：401
2023-09-03 13:12:38 - get_log.py - [line:140] - ERROR - [日志信息]: 断言检查点：预期响应结果 total
2023-09-03 13:12:38 - get_log.py - [line:140] - ERROR - [日志信息]: 断言检查点：实际结果响应结果 {'detail': 'HTTP 401: Unauthorized'}
2023-09-03 13:12:38 - get_log.py - [line:140] - ERROR - [日志信息]: 测试结果：实际结果不包含在预期结果内，测试用例失败
2023-09-03 13:12:40 - get_log.py - [line:133] - INFO - [日志信息]: 用户信息模块
2023-09-03 13:12:41 - get_log.py - [line:133] - INFO - [日志信息]: 【开始执行测试用例：测试用例2:上传正确参数值，错误cookie值,不能能获取所有用户信息】
2023-09-03 13:12:41 - get_log.py - [line:133] - INFO - [日志信息]: 请求url：https://noc-test.merckuwifi.com/api/endusers
2023-09-03 13:12:41 - get_log.py - [line:133] - INFO - [日志信息]: 请求方法：get
2023-09-03 13:12:41 - get_log.py - [line:133] - INFO - [日志信息]: 请求参数：{'offset': 0, 'count': 10, 't': '1693717960'}
2023-09-03 13:12:41 - get_log.py - [line:133] - INFO - [日志信息]: 请求cookie值：{'cookie': '_cookie=dfsdfsd4545454'}
2023-09-03 13:12:41 - get_log.py - [line:133] - INFO - [日志信息]: 响应结果：{'detail': 'HTTP 401: Unauthorized'}
2023-09-03 13:12:41 - get_log.py - [line:133] - INFO - [日志信息]: 响应状态码：401
2023-09-03 13:12:41 - get_log.py - [line:133] - INFO - [日志信息]: 断言检查点：预期响应结果 Unauthorized
2023-09-03 13:12:41 - get_log.py - [line:133] - INFO - [日志信息]: 断言检查点：实际结果响应结果 {'detail': 'HTTP 401: Unauthorized'}
2023-09-03 13:12:41 - get_log.py - [line:133] - INFO - [日志信息]: 测试结果：预期结果包含在实际结果内，测试用例通过
